0 info it worked if it ends with ok
1 verbose cli [ '/usr/bin/nodejs', '/usr/bin/npm', 'install' ]
2 info using npm@1.4.21
3 info using node@v0.10.25
4 warn package.json notes-app@1.0.0 No description
5 warn package.json notes-app@1.0.0 No repository field.
6 warn package.json notes-app@1.0.0 No README data
7 verbose readDependencies using package.json deps
8 verbose install where, deps [ '/home/kote/Documents/projects/notes-app',
8 verbose install   [ 'body-parser',
8 verbose install     'express',
8 verbose install     'mongoose',
8 verbose install     'react',
8 verbose install     'react-dom',
8 verbose install     'less',
8 verbose install     'babel',
8 verbose install     'babel-loader',
8 verbose install     'css-loader',
8 verbose install     'file-loader',
8 verbose install     'lson-loader',
8 verbose install     'less-loader',
8 verbose install     'react-hot-loader',
8 verbose install     'style-loader',
8 verbose install     'url-loader',
8 verbose install     'webpack',
8 verbose install     'webpack-dev-server' ] ]
9 info preinstall notes-app@1.0.0
10 verbose readDependencies using package.json deps
11 verbose cache add [ 'react-dom@^0.14.6', null ]
12 verbose cache add name=undefined spec="react-dom@^0.14.6" args=["react-dom@^0.14.6",null]
13 verbose parsed url { protocol: null,
13 verbose parsed url   slashes: null,
13 verbose parsed url   auth: null,
13 verbose parsed url   host: null,
13 verbose parsed url   port: null,
13 verbose parsed url   hostname: null,
13 verbose parsed url   hash: null,
13 verbose parsed url   search: null,
13 verbose parsed url   query: null,
13 verbose parsed url   pathname: 'react-dom@^0.14.6',
13 verbose parsed url   path: 'react-dom@^0.14.6',
13 verbose parsed url   href: 'react-dom@^0.14.6' }
14 verbose cache add [ 'babel@5.x', null ]
15 verbose cache add name=undefined spec="babel@5.x" args=["babel@5.x",null]
16 verbose parsed url { protocol: null,
16 verbose parsed url   slashes: null,
16 verbose parsed url   auth: null,
16 verbose parsed url   host: null,
16 verbose parsed url   port: null,
16 verbose parsed url   hostname: null,
16 verbose parsed url   hash: null,
16 verbose parsed url   search: null,
16 verbose parsed url   query: null,
16 verbose parsed url   pathname: 'babel@5.x',
16 verbose parsed url   path: 'babel@5.x',
16 verbose parsed url   href: 'babel@5.x' }
17 verbose cache add [ 'less@^2.6.0', null ]
18 verbose cache add name=undefined spec="less@^2.6.0" args=["less@^2.6.0",null]
19 verbose parsed url { protocol: null,
19 verbose parsed url   slashes: null,
19 verbose parsed url   auth: null,
19 verbose parsed url   host: null,
19 verbose parsed url   port: null,
19 verbose parsed url   hostname: null,
19 verbose parsed url   hash: null,
19 verbose parsed url   search: null,
19 verbose parsed url   query: null,
19 verbose parsed url   pathname: 'less@^2.6.0',
19 verbose parsed url   path: 'less@^2.6.0',
19 verbose parsed url   href: 'less@^2.6.0' }
20 verbose cache add name="react-dom" spec="^0.14.6" args=["react-dom","^0.14.6"]
21 verbose parsed url { protocol: null,
21 verbose parsed url   slashes: null,
21 verbose parsed url   auth: null,
21 verbose parsed url   host: null,
21 verbose parsed url   port: null,
21 verbose parsed url   hostname: null,
21 verbose parsed url   hash: null,
21 verbose parsed url   search: null,
21 verbose parsed url   query: null,
21 verbose parsed url   pathname: '^0.14.6',
21 verbose parsed url   path: '^0.14.6',
21 verbose parsed url   href: '^0.14.6' }
22 verbose addNamed [ 'react-dom', '^0.14.6' ]
23 verbose addNamed [ null, '>=0.14.6-0 <0.15.0-0' ]
24 verbose cache add name="babel" spec="5.x" args=["babel","5.x"]
25 verbose parsed url { protocol: null,
25 verbose parsed url   slashes: null,
25 verbose parsed url   auth: null,
25 verbose parsed url   host: null,
25 verbose parsed url   port: null,
25 verbose parsed url   hostname: null,
25 verbose parsed url   hash: null,
25 verbose parsed url   search: null,
25 verbose parsed url   query: null,
25 verbose parsed url   pathname: '5.x',
25 verbose parsed url   path: '5.x',
25 verbose parsed url   href: '5.x' }
26 verbose addNamed [ 'babel', '5.x' ]
27 verbose addNamed [ null, '>=5.0.0-0 <6.0.0-0' ]
28 verbose cache add [ 'babel-loader@5.*', null ]
29 verbose cache add name=undefined spec="babel-loader@5.*" args=["babel-loader@5.*",null]
30 verbose parsed url { protocol: null,
30 verbose parsed url   slashes: null,
30 verbose parsed url   auth: null,
30 verbose parsed url   host: null,
30 verbose parsed url   port: null,
30 verbose parsed url   hostname: null,
30 verbose parsed url   hash: null,
30 verbose parsed url   search: null,
30 verbose parsed url   query: null,
30 verbose parsed url   pathname: 'babel-loader@5.*',
30 verbose parsed url   path: 'babel-loader@5.*',
30 verbose parsed url   href: 'babel-loader@5.*' }
31 verbose cache add [ 'css-loader@^0.22.0', null ]
32 verbose cache add name=undefined spec="css-loader@^0.22.0" args=["css-loader@^0.22.0",null]
33 verbose parsed url { protocol: null,
33 verbose parsed url   slashes: null,
33 verbose parsed url   auth: null,
33 verbose parsed url   host: null,
33 verbose parsed url   port: null,
33 verbose parsed url   hostname: null,
33 verbose parsed url   hash: null,
33 verbose parsed url   search: null,
33 verbose parsed url   query: null,
33 verbose parsed url   pathname: 'css-loader@^0.22.0',
33 verbose parsed url   path: 'css-loader@^0.22.0',
33 verbose parsed url   href: 'css-loader@^0.22.0' }
34 verbose cache add name="less" spec="^2.6.0" args=["less","^2.6.0"]
35 verbose parsed url { protocol: null,
35 verbose parsed url   slashes: null,
35 verbose parsed url   auth: null,
35 verbose parsed url   host: null,
35 verbose parsed url   port: null,
35 verbose parsed url   hostname: null,
35 verbose parsed url   hash: null,
35 verbose parsed url   search: null,
35 verbose parsed url   query: null,
35 verbose parsed url   pathname: '^2.6.0',
35 verbose parsed url   path: '^2.6.0',
35 verbose parsed url   href: '^2.6.0' }
36 verbose addNamed [ 'less', '^2.6.0' ]
37 verbose addNamed [ null, '>=2.6.0-0 <3.0.0-0' ]
38 silly lockFile 6d4ca84f-react-dom-0-14-6 react-dom@^0.14.6
39 verbose lock react-dom@^0.14.6 /home/kote/.npm/6d4ca84f-react-dom-0-14-6.lock
40 silly lockFile 855adc03-babel-5-x babel@5.x
41 verbose lock babel@5.x /home/kote/.npm/855adc03-babel-5-x.lock
42 silly lockFile ae375207-less-2-6-0 less@^2.6.0
43 verbose lock less@^2.6.0 /home/kote/.npm/ae375207-less-2-6-0.lock
44 verbose cache add name="babel-loader" spec="5.*" args=["babel-loader","5.*"]
45 verbose parsed url { protocol: null,
45 verbose parsed url   slashes: null,
45 verbose parsed url   auth: null,
45 verbose parsed url   host: null,
45 verbose parsed url   port: null,
45 verbose parsed url   hostname: null,
45 verbose parsed url   hash: null,
45 verbose parsed url   search: null,
45 verbose parsed url   query: null,
45 verbose parsed url   pathname: '5.*',
45 verbose parsed url   path: '5.*',
45 verbose parsed url   href: '5.*' }
46 verbose addNamed [ 'babel-loader', '5.*' ]
47 verbose addNamed [ null, '>=5.0.0-0 <6.0.0-0' ]
48 silly lockFile aae79c01-babel-loader-5 babel-loader@5.*
49 verbose lock babel-loader@5.* /home/kote/.npm/aae79c01-babel-loader-5.lock
50 verbose cache add [ 'file-loader@^0.8.5', null ]
51 verbose cache add name=undefined spec="file-loader@^0.8.5" args=["file-loader@^0.8.5",null]
52 verbose parsed url { protocol: null,
52 verbose parsed url   slashes: null,
52 verbose parsed url   auth: null,
52 verbose parsed url   host: null,
52 verbose parsed url   port: null,
52 verbose parsed url   hostname: null,
52 verbose parsed url   hash: null,
52 verbose parsed url   search: null,
52 verbose parsed url   query: null,
52 verbose parsed url   pathname: 'file-loader@^0.8.5',
52 verbose parsed url   path: 'file-loader@^0.8.5',
52 verbose parsed url   href: 'file-loader@^0.8.5' }
53 verbose cache add [ 'lson-loader@^0.5.4', null ]
54 verbose cache add name=undefined spec="lson-loader@^0.5.4" args=["lson-loader@^0.5.4",null]
55 verbose parsed url { protocol: null,
55 verbose parsed url   slashes: null,
55 verbose parsed url   auth: null,
55 verbose parsed url   host: null,
55 verbose parsed url   port: null,
55 verbose parsed url   hostname: null,
55 verbose parsed url   hash: null,
55 verbose parsed url   search: null,
55 verbose parsed url   query: null,
55 verbose parsed url   pathname: 'lson-loader@^0.5.4',
55 verbose parsed url   path: 'lson-loader@^0.5.4',
55 verbose parsed url   href: 'lson-loader@^0.5.4' }
56 verbose cache add [ 'less-loader@^2.2.2', null ]
57 verbose cache add name=undefined spec="less-loader@^2.2.2" args=["less-loader@^2.2.2",null]
58 verbose parsed url { protocol: null,
58 verbose parsed url   slashes: null,
58 verbose parsed url   auth: null,
58 verbose parsed url   host: null,
58 verbose parsed url   port: null,
58 verbose parsed url   hostname: null,
58 verbose parsed url   hash: null,
58 verbose parsed url   search: null,
58 verbose parsed url   query: null,
58 verbose parsed url   pathname: 'less-loader@^2.2.2',
58 verbose parsed url   path: 'less-loader@^2.2.2',
58 verbose parsed url   href: 'less-loader@^2.2.2' }
59 verbose cache add [ 'react-hot-loader@^1.3.0', null ]
60 verbose cache add name=undefined spec="react-hot-loader@^1.3.0" args=["react-hot-loader@^1.3.0",null]
61 verbose parsed url { protocol: null,
61 verbose parsed url   slashes: null,
61 verbose parsed url   auth: null,
61 verbose parsed url   host: null,
61 verbose parsed url   port: null,
61 verbose parsed url   hostname: null,
61 verbose parsed url   hash: null,
61 verbose parsed url   search: null,
61 verbose parsed url   query: null,
61 verbose parsed url   pathname: 'react-hot-loader@^1.3.0',
61 verbose parsed url   path: 'react-hot-loader@^1.3.0',
61 verbose parsed url   href: 'react-hot-loader@^1.3.0' }
62 verbose cache add name="css-loader" spec="^0.22.0" args=["css-loader","^0.22.0"]
63 verbose parsed url { protocol: null,
63 verbose parsed url   slashes: null,
63 verbose parsed url   auth: null,
63 verbose parsed url   host: null,
63 verbose parsed url   port: null,
63 verbose parsed url   hostname: null,
63 verbose parsed url   hash: null,
63 verbose parsed url   search: null,
63 verbose parsed url   query: null,
63 verbose parsed url   pathname: '^0.22.0',
63 verbose parsed url   path: '^0.22.0',
63 verbose parsed url   href: '^0.22.0' }
64 verbose addNamed [ 'css-loader', '^0.22.0' ]
65 verbose addNamed [ null, '>=0.22.0-0 <0.23.0-0' ]
66 silly lockFile eb5ce3ef-css-loader-0-22-0 css-loader@^0.22.0
67 verbose lock css-loader@^0.22.0 /home/kote/.npm/eb5ce3ef-css-loader-0-22-0.lock
68 verbose cache add name="file-loader" spec="^0.8.5" args=["file-loader","^0.8.5"]
69 verbose parsed url { protocol: null,
69 verbose parsed url   slashes: null,
69 verbose parsed url   auth: null,
69 verbose parsed url   host: null,
69 verbose parsed url   port: null,
69 verbose parsed url   hostname: null,
69 verbose parsed url   hash: null,
69 verbose parsed url   search: null,
69 verbose parsed url   query: null,
69 verbose parsed url   pathname: '^0.8.5',
69 verbose parsed url   path: '^0.8.5',
69 verbose parsed url   href: '^0.8.5' }
70 verbose addNamed [ 'file-loader', '^0.8.5' ]
71 verbose addNamed [ null, '>=0.8.5-0 <0.9.0-0' ]
72 silly lockFile d525a64a-file-loader-0-8-5 file-loader@^0.8.5
73 verbose lock file-loader@^0.8.5 /home/kote/.npm/d525a64a-file-loader-0-8-5.lock
74 verbose cache add name="lson-loader" spec="^0.5.4" args=["lson-loader","^0.5.4"]
75 verbose parsed url { protocol: null,
75 verbose parsed url   slashes: null,
75 verbose parsed url   auth: null,
75 verbose parsed url   host: null,
75 verbose parsed url   port: null,
75 verbose parsed url   hostname: null,
75 verbose parsed url   hash: null,
75 verbose parsed url   search: null,
75 verbose parsed url   query: null,
75 verbose parsed url   pathname: '^0.5.4',
75 verbose parsed url   path: '^0.5.4',
75 verbose parsed url   href: '^0.5.4' }
76 verbose addNamed [ 'lson-loader', '^0.5.4' ]
77 verbose addNamed [ null, '>=0.5.4-0 <0.6.0-0' ]
78 silly lockFile 402fff84-lson-loader-0-5-4 lson-loader@^0.5.4
79 verbose lock lson-loader@^0.5.4 /home/kote/.npm/402fff84-lson-loader-0-5-4.lock
80 verbose cache add name="less-loader" spec="^2.2.2" args=["less-loader","^2.2.2"]
81 verbose parsed url { protocol: null,
81 verbose parsed url   slashes: null,
81 verbose parsed url   auth: null,
81 verbose parsed url   host: null,
81 verbose parsed url   port: null,
81 verbose parsed url   hostname: null,
81 verbose parsed url   hash: null,
81 verbose parsed url   search: null,
81 verbose parsed url   query: null,
81 verbose parsed url   pathname: '^2.2.2',
81 verbose parsed url   path: '^2.2.2',
81 verbose parsed url   href: '^2.2.2' }
82 verbose addNamed [ 'less-loader', '^2.2.2' ]
83 verbose addNamed [ null, '>=2.2.2-0 <3.0.0-0' ]
84 silly lockFile 27604fa2-less-loader-2-2-2 less-loader@^2.2.2
85 verbose lock less-loader@^2.2.2 /home/kote/.npm/27604fa2-less-loader-2-2-2.lock
86 verbose cache add name="react-hot-loader" spec="^1.3.0" args=["react-hot-loader","^1.3.0"]
87 verbose parsed url { protocol: null,
87 verbose parsed url   slashes: null,
87 verbose parsed url   auth: null,
87 verbose parsed url   host: null,
87 verbose parsed url   port: null,
87 verbose parsed url   hostname: null,
87 verbose parsed url   hash: null,
87 verbose parsed url   search: null,
87 verbose parsed url   query: null,
87 verbose parsed url   pathname: '^1.3.0',
87 verbose parsed url   path: '^1.3.0',
87 verbose parsed url   href: '^1.3.0' }
88 verbose addNamed [ 'react-hot-loader', '^1.3.0' ]
89 verbose addNamed [ null, '>=1.3.0-0 <2.0.0-0' ]
90 silly lockFile 1eb97b50-react-hot-loader-1-3-0 react-hot-loader@^1.3.0
91 verbose lock react-hot-loader@^1.3.0 /home/kote/.npm/1eb97b50-react-hot-loader-1-3-0.lock
92 verbose cache add [ 'style-loader@^0.13.0', null ]
93 verbose cache add name=undefined spec="style-loader@^0.13.0" args=["style-loader@^0.13.0",null]
94 verbose parsed url { protocol: null,
94 verbose parsed url   slashes: null,
94 verbose parsed url   auth: null,
94 verbose parsed url   host: null,
94 verbose parsed url   port: null,
94 verbose parsed url   hostname: null,
94 verbose parsed url   hash: null,
94 verbose parsed url   search: null,
94 verbose parsed url   query: null,
94 verbose parsed url   pathname: 'style-loader@^0.13.0',
94 verbose parsed url   path: 'style-loader@^0.13.0',
94 verbose parsed url   href: 'style-loader@^0.13.0' }
95 verbose cache add [ 'url-loader@^0.5.6', null ]
96 verbose cache add name=undefined spec="url-loader@^0.5.6" args=["url-loader@^0.5.6",null]
97 verbose parsed url { protocol: null,
97 verbose parsed url   slashes: null,
97 verbose parsed url   auth: null,
97 verbose parsed url   host: null,
97 verbose parsed url   port: null,
97 verbose parsed url   hostname: null,
97 verbose parsed url   hash: null,
97 verbose parsed url   search: null,
97 verbose parsed url   query: null,
97 verbose parsed url   pathname: 'url-loader@^0.5.6',
97 verbose parsed url   path: 'url-loader@^0.5.6',
97 verbose parsed url   href: 'url-loader@^0.5.6' }
98 verbose cache add [ 'webpack@^1.12.12', null ]
99 verbose cache add name=undefined spec="webpack@^1.12.12" args=["webpack@^1.12.12",null]
100 verbose parsed url { protocol: null,
100 verbose parsed url   slashes: null,
100 verbose parsed url   auth: null,
100 verbose parsed url   host: null,
100 verbose parsed url   port: null,
100 verbose parsed url   hostname: null,
100 verbose parsed url   hash: null,
100 verbose parsed url   search: null,
100 verbose parsed url   query: null,
100 verbose parsed url   pathname: 'webpack@^1.12.12',
100 verbose parsed url   path: 'webpack@^1.12.12',
100 verbose parsed url   href: 'webpack@^1.12.12' }
101 verbose cache add [ 'webpack-dev-server@^1.14.1', null ]
102 verbose cache add name=undefined spec="webpack-dev-server@^1.14.1" args=["webpack-dev-server@^1.14.1",null]
103 verbose parsed url { protocol: null,
103 verbose parsed url   slashes: null,
103 verbose parsed url   auth: null,
103 verbose parsed url   host: null,
103 verbose parsed url   port: null,
103 verbose parsed url   hostname: null,
103 verbose parsed url   hash: null,
103 verbose parsed url   search: null,
103 verbose parsed url   query: null,
103 verbose parsed url   pathname: 'webpack-dev-server@^1.14.1',
103 verbose parsed url   path: 'webpack-dev-server@^1.14.1',
103 verbose parsed url   href: 'webpack-dev-server@^1.14.1' }
104 silly addNameRange { name: 'react-dom',
104 silly addNameRange   range: '>=0.14.6-0 <0.15.0-0',
104 silly addNameRange   hasData: false }
105 silly addNameRange { name: 'babel', range: '>=5.0.0-0 <6.0.0-0', hasData: false }
106 silly addNameRange { name: 'less', range: '>=2.6.0-0 <3.0.0-0', hasData: false }
107 silly addNameRange { name: 'babel-loader',
107 silly addNameRange   range: '>=5.0.0-0 <6.0.0-0',
107 silly addNameRange   hasData: false }
108 verbose cache add name="style-loader" spec="^0.13.0" args=["style-loader","^0.13.0"]
109 verbose parsed url { protocol: null,
109 verbose parsed url   slashes: null,
109 verbose parsed url   auth: null,
109 verbose parsed url   host: null,
109 verbose parsed url   port: null,
109 verbose parsed url   hostname: null,
109 verbose parsed url   hash: null,
109 verbose parsed url   search: null,
109 verbose parsed url   query: null,
109 verbose parsed url   pathname: '^0.13.0',
109 verbose parsed url   path: '^0.13.0',
109 verbose parsed url   href: '^0.13.0' }
110 verbose addNamed [ 'style-loader', '^0.13.0' ]
111 verbose addNamed [ null, '>=0.13.0-0 <0.14.0-0' ]
112 silly lockFile 31118e9e-style-loader-0-13-0 style-loader@^0.13.0
113 verbose lock style-loader@^0.13.0 /home/kote/.npm/31118e9e-style-loader-0-13-0.lock
114 verbose cache add name="url-loader" spec="^0.5.6" args=["url-loader","^0.5.6"]
115 verbose parsed url { protocol: null,
115 verbose parsed url   slashes: null,
115 verbose parsed url   auth: null,
115 verbose parsed url   host: null,
115 verbose parsed url   port: null,
115 verbose parsed url   hostname: null,
115 verbose parsed url   hash: null,
115 verbose parsed url   search: null,
115 verbose parsed url   query: null,
115 verbose parsed url   pathname: '^0.5.6',
115 verbose parsed url   path: '^0.5.6',
115 verbose parsed url   href: '^0.5.6' }
116 verbose addNamed [ 'url-loader', '^0.5.6' ]
117 verbose addNamed [ null, '>=0.5.6-0 <0.6.0-0' ]
118 silly lockFile 93ca07d8-url-loader-0-5-6 url-loader@^0.5.6
119 verbose lock url-loader@^0.5.6 /home/kote/.npm/93ca07d8-url-loader-0-5-6.lock
120 verbose cache add name="webpack" spec="^1.12.12" args=["webpack","^1.12.12"]
121 verbose parsed url { protocol: null,
121 verbose parsed url   slashes: null,
121 verbose parsed url   auth: null,
121 verbose parsed url   host: null,
121 verbose parsed url   port: null,
121 verbose parsed url   hostname: null,
121 verbose parsed url   hash: null,
121 verbose parsed url   search: null,
121 verbose parsed url   query: null,
121 verbose parsed url   pathname: '^1.12.12',
121 verbose parsed url   path: '^1.12.12',
121 verbose parsed url   href: '^1.12.12' }
122 verbose addNamed [ 'webpack', '^1.12.12' ]
123 verbose addNamed [ null, '>=1.12.12-0 <2.0.0-0' ]
124 silly lockFile 0bdc84bf-webpack-1-12-12 webpack@^1.12.12
125 verbose lock webpack@^1.12.12 /home/kote/.npm/0bdc84bf-webpack-1-12-12.lock
126 verbose cache add name="webpack-dev-server" spec="^1.14.1" args=["webpack-dev-server","^1.14.1"]
127 verbose parsed url { protocol: null,
127 verbose parsed url   slashes: null,
127 verbose parsed url   auth: null,
127 verbose parsed url   host: null,
127 verbose parsed url   port: null,
127 verbose parsed url   hostname: null,
127 verbose parsed url   hash: null,
127 verbose parsed url   search: null,
127 verbose parsed url   query: null,
127 verbose parsed url   pathname: '^1.14.1',
127 verbose parsed url   path: '^1.14.1',
127 verbose parsed url   href: '^1.14.1' }
128 verbose addNamed [ 'webpack-dev-server', '^1.14.1' ]
129 verbose addNamed [ null, '>=1.14.1-0 <2.0.0-0' ]
130 silly lockFile 89095c3d-webpack-dev-server-1-14-1 webpack-dev-server@^1.14.1
131 verbose lock webpack-dev-server@^1.14.1 /home/kote/.npm/89095c3d-webpack-dev-server-1-14-1.lock
132 verbose already installed skipping mongoose@^4.4.10 /home/kote/Documents/projects/notes-app
133 verbose already installed skipping body-parser@^1.15.0 /home/kote/Documents/projects/notes-app
134 verbose already installed skipping express@^4.13.4 /home/kote/Documents/projects/notes-app
135 verbose cache add [ 'react@^0.14.6', null ]
136 verbose cache add name=undefined spec="react@^0.14.6" args=["react@^0.14.6",null]
137 verbose parsed url { protocol: null,
137 verbose parsed url   slashes: null,
137 verbose parsed url   auth: null,
137 verbose parsed url   host: null,
137 verbose parsed url   port: null,
137 verbose parsed url   hostname: null,
137 verbose parsed url   hash: null,
137 verbose parsed url   search: null,
137 verbose parsed url   query: null,
137 verbose parsed url   pathname: 'react@^0.14.6',
137 verbose parsed url   path: 'react@^0.14.6',
137 verbose parsed url   href: 'react@^0.14.6' }
138 silly addNameRange { name: 'css-loader',
138 silly addNameRange   range: '>=0.22.0-0 <0.23.0-0',
138 silly addNameRange   hasData: false }
139 verbose request where is /react-dom
140 verbose request registry https://registry.npmjs.org/
141 verbose request id 08aedef2a36555a6
142 verbose url raw /react-dom
143 verbose url resolving [ 'https://registry.npmjs.org/', './react-dom' ]
144 verbose url resolved https://registry.npmjs.org/react-dom
145 verbose request where is https://registry.npmjs.org/react-dom
146 info trying registry request attempt 1 at 00:23:20
147 http GET https://registry.npmjs.org/react-dom
148 verbose request where is /less
149 verbose request registry https://registry.npmjs.org/
150 verbose url raw /less
151 verbose url resolving [ 'https://registry.npmjs.org/', './less' ]
152 verbose url resolved https://registry.npmjs.org/less
153 verbose request where is https://registry.npmjs.org/less
154 info trying registry request attempt 1 at 00:23:20
155 http GET https://registry.npmjs.org/less
156 silly addNameRange { name: 'file-loader',
156 silly addNameRange   range: '>=0.8.5-0 <0.9.0-0',
156 silly addNameRange   hasData: false }
157 verbose request where is /babel-loader
158 verbose request registry https://registry.npmjs.org/
159 verbose url raw /babel-loader
160 verbose url resolving [ 'https://registry.npmjs.org/', './babel-loader' ]
161 verbose url resolved https://registry.npmjs.org/babel-loader
162 verbose request where is https://registry.npmjs.org/babel-loader
163 info trying registry request attempt 1 at 00:23:20
164 http GET https://registry.npmjs.org/babel-loader
165 silly addNameRange { name: 'lson-loader',
165 silly addNameRange   range: '>=0.5.4-0 <0.6.0-0',
165 silly addNameRange   hasData: false }
166 silly addNameRange { name: 'less-loader',
166 silly addNameRange   range: '>=2.2.2-0 <3.0.0-0',
166 silly addNameRange   hasData: false }
167 silly addNameRange { name: 'react-hot-loader',
167 silly addNameRange   range: '>=1.3.0-0 <2.0.0-0',
167 silly addNameRange   hasData: false }
168 verbose cache add name="react" spec="^0.14.6" args=["react","^0.14.6"]
169 verbose parsed url { protocol: null,
169 verbose parsed url   slashes: null,
169 verbose parsed url   auth: null,
169 verbose parsed url   host: null,
169 verbose parsed url   port: null,
169 verbose parsed url   hostname: null,
169 verbose parsed url   hash: null,
169 verbose parsed url   search: null,
169 verbose parsed url   query: null,
169 verbose parsed url   pathname: '^0.14.6',
169 verbose parsed url   path: '^0.14.6',
169 verbose parsed url   href: '^0.14.6' }
170 verbose addNamed [ 'react', '^0.14.6' ]
171 verbose addNamed [ null, '>=0.14.6-0 <0.15.0-0' ]
172 silly lockFile 1021a500-react-0-14-6 react@^0.14.6
173 verbose lock react@^0.14.6 /home/kote/.npm/1021a500-react-0-14-6.lock
174 verbose request where is /css-loader
175 verbose request registry https://registry.npmjs.org/
176 verbose url raw /css-loader
177 verbose url resolving [ 'https://registry.npmjs.org/', './css-loader' ]
178 verbose url resolved https://registry.npmjs.org/css-loader
179 verbose request where is https://registry.npmjs.org/css-loader
180 info trying registry request attempt 1 at 00:23:20
181 http GET https://registry.npmjs.org/css-loader
182 verbose request where is /file-loader
183 verbose request registry https://registry.npmjs.org/
184 verbose url raw /file-loader
185 verbose url resolving [ 'https://registry.npmjs.org/', './file-loader' ]
186 verbose url resolved https://registry.npmjs.org/file-loader
187 verbose request where is https://registry.npmjs.org/file-loader
188 info trying registry request attempt 1 at 00:23:20
189 http GET https://registry.npmjs.org/file-loader
190 verbose request where is /lson-loader
191 verbose request registry https://registry.npmjs.org/
192 verbose url raw /lson-loader
193 verbose url resolving [ 'https://registry.npmjs.org/', './lson-loader' ]
194 verbose url resolved https://registry.npmjs.org/lson-loader
195 verbose request where is https://registry.npmjs.org/lson-loader
196 info trying registry request attempt 1 at 00:23:20
197 http GET https://registry.npmjs.org/lson-loader
198 verbose request where is /less-loader
199 verbose request registry https://registry.npmjs.org/
200 verbose url raw /less-loader
201 verbose url resolving [ 'https://registry.npmjs.org/', './less-loader' ]
202 verbose url resolved https://registry.npmjs.org/less-loader
203 verbose request where is https://registry.npmjs.org/less-loader
204 info trying registry request attempt 1 at 00:23:20
205 http GET https://registry.npmjs.org/less-loader
206 verbose request where is /react-hot-loader
207 verbose request registry https://registry.npmjs.org/
208 verbose url raw /react-hot-loader
209 verbose url resolving [ 'https://registry.npmjs.org/', './react-hot-loader' ]
210 verbose url resolved https://registry.npmjs.org/react-hot-loader
211 verbose request where is https://registry.npmjs.org/react-hot-loader
212 info trying registry request attempt 1 at 00:23:20
213 http GET https://registry.npmjs.org/react-hot-loader
214 silly addNameRange { name: 'style-loader',
214 silly addNameRange   range: '>=0.13.0-0 <0.14.0-0',
214 silly addNameRange   hasData: false }
215 silly addNameRange { name: 'url-loader',
215 silly addNameRange   range: '>=0.5.6-0 <0.6.0-0',
215 silly addNameRange   hasData: false }
216 silly addNameRange { name: 'webpack',
216 silly addNameRange   range: '>=1.12.12-0 <2.0.0-0',
216 silly addNameRange   hasData: false }
217 silly addNameRange { name: 'webpack-dev-server',
217 silly addNameRange   range: '>=1.14.1-0 <2.0.0-0',
217 silly addNameRange   hasData: false }
218 verbose request where is /style-loader
219 verbose request registry https://registry.npmjs.org/
220 verbose url raw /style-loader
221 verbose url resolving [ 'https://registry.npmjs.org/', './style-loader' ]
222 verbose url resolved https://registry.npmjs.org/style-loader
223 verbose request where is https://registry.npmjs.org/style-loader
224 info trying registry request attempt 1 at 00:23:20
225 http GET https://registry.npmjs.org/style-loader
226 verbose request where is /url-loader
227 verbose request registry https://registry.npmjs.org/
228 verbose url raw /url-loader
229 verbose url resolving [ 'https://registry.npmjs.org/', './url-loader' ]
230 verbose url resolved https://registry.npmjs.org/url-loader
231 verbose request where is https://registry.npmjs.org/url-loader
232 info trying registry request attempt 1 at 00:23:20
233 http GET https://registry.npmjs.org/url-loader
234 verbose request where is /webpack-dev-server
235 verbose request registry https://registry.npmjs.org/
236 verbose url raw /webpack-dev-server
237 verbose url resolving [ 'https://registry.npmjs.org/', './webpack-dev-server' ]
238 verbose url resolved https://registry.npmjs.org/webpack-dev-server
239 verbose request where is https://registry.npmjs.org/webpack-dev-server
240 info trying registry request attempt 1 at 00:23:20
241 http GET https://registry.npmjs.org/webpack-dev-server
242 silly addNameRange { name: 'react', range: '>=0.14.6-0 <0.15.0-0', hasData: false }
243 verbose request where is /react
244 verbose request registry https://registry.npmjs.org/
245 verbose url raw /react
246 verbose url resolving [ 'https://registry.npmjs.org/', './react' ]
247 verbose url resolved https://registry.npmjs.org/react
248 verbose request where is https://registry.npmjs.org/react
249 info trying registry request attempt 1 at 00:23:20
250 http GET https://registry.npmjs.org/react
251 verbose request where is /webpack
252 verbose request registry https://registry.npmjs.org/
253 verbose url raw /webpack
254 verbose url resolving [ 'https://registry.npmjs.org/', './webpack' ]
255 verbose url resolved https://registry.npmjs.org/webpack
256 verbose request where is https://registry.npmjs.org/webpack
257 info trying registry request attempt 1 at 00:23:20
258 verbose etag "4YITZDCNRB4PNJ2OR01C6I5OJ"
259 http GET https://registry.npmjs.org/webpack
260 verbose request where is /babel
261 verbose request registry https://registry.npmjs.org/
262 verbose url raw /babel
263 verbose url resolving [ 'https://registry.npmjs.org/', './babel' ]
264 verbose url resolved https://registry.npmjs.org/babel
265 verbose request where is https://registry.npmjs.org/babel
266 info trying registry request attempt 1 at 00:23:20
267 verbose etag "9CDU2INPIS50PZFYIKQVFZ37F"
268 http GET https://registry.npmjs.org/babel
269 http 200 https://registry.npmjs.org/react-dom
270 silly registry.get cb [ 200,
270 silly registry.get   { server: 'CouchDB/1.5.0 (Erlang OTP/R16B03)',
270 silly registry.get     etag: '"4LF10MXSOQ5F9SM4XHV52CJ3Q"',
270 silly registry.get     'content-type': 'application/json',
270 silly registry.get     'cache-control': 'max-age=300',
270 silly registry.get     'content-length': '20957',
270 silly registry.get     'accept-ranges': 'bytes',
270 silly registry.get     date: 'Thu, 31 Mar 2016 04:23:20 GMT',
270 silly registry.get     via: '1.1 varnish',
270 silly registry.get     age: '186',
270 silly registry.get     connection: 'keep-alive',
270 silly registry.get     'x-served-by': 'cache-iad2126-IAD',
270 silly registry.get     'x-cache': 'HIT',
270 silly registry.get     'x-cache-hits': '2',
270 silly registry.get     'x-timer': 'S1459398200.901481,VS0,VE0',
270 silly registry.get     vary: 'Accept' } ]
271 silly addNameRange number 2 { name: 'react-dom',
271 silly addNameRange   range: '>=0.14.6-0 <0.15.0-0',
271 silly addNameRange   hasData: true }
272 silly addNameRange versions [ 'react-dom',
272 silly addNameRange   [ '0.1.0',
272 silly addNameRange     '0.14.0-beta1',
272 silly addNameRange     '0.14.0-beta2',
272 silly addNameRange     '0.14.0-beta3',
272 silly addNameRange     '0.14.0-rc1',
272 silly addNameRange     '0.14.0',
272 silly addNameRange     '0.14.1',
272 silly addNameRange     '0.14.2',
272 silly addNameRange     '0.14.3',
272 silly addNameRange     '0.14.4',
272 silly addNameRange     '0.14.5',
272 silly addNameRange     '0.14.6',
272 silly addNameRange     '0.15.0-alpha.1',
272 silly addNameRange     '0.14.7',
272 silly addNameRange     '15.0.0-rc.1',
272 silly addNameRange     '15.0.0-rc.2',
272 silly addNameRange     '0.14.8' ] ]
273 verbose addNamed [ 'react-dom', '0.14.8' ]
274 verbose addNamed [ '0.14.8', '0.14.8' ]
275 silly lockFile ef7a5b9e-react-dom-0-14-8 react-dom@0.14.8
276 verbose lock react-dom@0.14.8 /home/kote/.npm/ef7a5b9e-react-dom-0-14-8.lock
277 silly lockFile 5688a557-g-react-dom-react-dom-0-14-8-tgz https://registry.npmjs.org/react-dom/-/react-dom-0.14.8.tgz
278 verbose lock https://registry.npmjs.org/react-dom/-/react-dom-0.14.8.tgz /home/kote/.npm/5688a557-g-react-dom-react-dom-0-14-8-tgz.lock
279 verbose addRemoteTarball [ 'https://registry.npmjs.org/react-dom/-/react-dom-0.14.8.tgz',
279 verbose addRemoteTarball   '0f1c547514263f771bd31814a739e5306575069e' ]
280 info retry fetch attempt 1 at 00:23:27
281 verbose fetch to= /tmp/npm-22336-9mDvNAid/registry.npmjs.org/react-dom/-/react-dom-0.14.8.tgz
282 http GET https://registry.npmjs.org/react-dom/-/react-dom-0.14.8.tgz
283 http 200 https://registry.npmjs.org/lson-loader
284 silly registry.get cb [ 200,
284 silly registry.get   { server: 'CouchDB/1.5.0 (Erlang OTP/R16B03)',
284 silly registry.get     etag: '"BRE148BD5JNE4MHMBFY5ZTI73"',
284 silly registry.get     'content-type': 'application/json',
284 silly registry.get     'cache-control': 'max-age=300',
284 silly registry.get     'content-length': '1093',
284 silly registry.get     'accept-ranges': 'bytes',
284 silly registry.get     date: 'Thu, 31 Mar 2016 04:23:27 GMT',
284 silly registry.get     via: '1.1 varnish',
284 silly registry.get     age: '0',
284 silly registry.get     connection: 'keep-alive',
284 silly registry.get     'x-served-by': 'cache-iad2126-IAD',
284 silly registry.get     'x-cache': 'MISS',
284 silly registry.get     'x-cache-hits': '0',
284 silly registry.get     'x-timer': 'S1459398207.840888,VS0,VE99',
284 silly registry.get     vary: 'Accept' } ]
285 silly addNameRange number 2 { name: 'lson-loader',
285 silly addNameRange   range: '>=0.5.4-0 <0.6.0-0',
285 silly addNameRange   hasData: true }
286 silly addNameRange versions [ 'lson-loader', [ '0.1.0' ] ]
287 silly lockFile 402fff84-lson-loader-0-5-4 lson-loader@^0.5.4
288 silly lockFile 402fff84-lson-loader-0-5-4 lson-loader@^0.5.4
289 error notarget No compatible version found: lson-loader@'>=0.5.4-0 <0.6.0-0'
289 error notarget Valid install targets:
289 error notarget ["0.1.0"]
289 error notarget
289 error notarget This is most likely not a problem with npm itself.
289 error notarget In most cases you or one of your dependencies are requesting
289 error notarget a package version that doesn't exist.
290 error System Linux 4.2.0-34-generic
291 error command "/usr/bin/nodejs" "/usr/bin/npm" "install"
292 error cwd /home/kote/Documents/projects/notes-app
293 error node -v v0.10.25
294 error npm -v 1.4.21
295 error code ETARGET
296 verbose exit [ 1, true ]
